
Showing logs for build [32mcb-kubecd-environment-pr-249-28-qgn4m-1[0m stage [32mfrom-build-pack[0m and container [32mstep-credential-initializer-4qjr5[0m
{"level":"info","ts":1594004358.9532158,"logger":"fallback-logger","caller":"logging/config.go:69","msg":"Fetch GitHub commit ID from kodata failed: open /var/run/ko/refs/heads/0.8.0-ns-support: no such file or directory"}
{"level":"info","ts":1594004358.953962,"logger":"fallback-logger","caller":"creds-init/main.go:40","msg":"Credentials initialized."}

Showing logs for build [32mcb-kubecd-environment-pr-249-28-qgn4m-1[0m stage [32mfrom-build-pack[0m and container [32mstep-working-dir-initializer-2t4qw[0m
{"level":"info","ts":1594004359.9888434,"logger":"fallback-logger","caller":"logging/config.go:69","msg":"Fetch GitHub commit ID from kodata failed: open /var/run/ko/HEAD: no such file or directory"}
{"level":"info","ts":1594004359.990751,"logger":"fallback-logger","caller":"bash/main.go:64","msg":"Successfully executed command \"sh -c mkdir -p /workspace/source\"; output "}

Showing logs for build [32mcb-kubecd-environment-pr-249-28-qgn4m-1[0m stage [32mfrom-build-pack[0m and container [32mstep-place-tools[0m

Showing logs for build [32mcb-kubecd-environment-pr-249-28-qgn4m-1[0m stage [32mfrom-build-pack[0m and container [32mstep-git-source-cb-kubecd-environment-pr-249-28-qgn4m-c84n8[0m
{"level":"info","ts":1594004365.156399,"logger":"fallback-logger","caller":"logging/config.go:69","msg":"Fetch GitHub commit ID from kodata failed: open /var/run/ko/refs/heads/0.8.0-ns-support: no such file or directory"}
{"level":"info","ts":1594004366.1896749,"logger":"fallback-logger","caller":"git/git.go:103","msg":"Successfully cloned https://github.com/cb-kubecd/environment-pr-249-28-gke-upgrade-production.git @ master in path /workspace/source"}

Showing logs for build [32mcb-kubecd-environment-pr-249-28-qgn4m-1[0m stage [32mfrom-build-pack[0m and container [32mstep-setup-builder-home[0m

Showing logs for build [32mcb-kubecd-environment-pr-249-28-qgn4m-1[0m stage [32mfrom-build-pack[0m and container [32mstep-git-merge[0m
Using SHAs from PULL_REFS=master:ed0b7e5dbd65a2f8be8392b47b2167b5e2890e48,1:c97a750d8c4cfe61c963ea5abca92a13a6a55234
DEBUG: LC_ALL=C JX_LOG_LEVEL=error git fetch origin --unshallow c97a750d8c4cfe61c963ea5abca92a13a6a55234: ed0b7e5dbd65a2f8be8392b47b2167b5e2890e48:
DEBUG: ran git fetch --unshallow origin c97a750d8c4cfe61c963ea5abca92a13a6a55234: ed0b7e5dbd65a2f8be8392b47b2167b5e2890e48: in 
DEBUG: LC_ALL=C JX_LOG_LEVEL=error git branch
DEBUG: LC_ALL=C JX_LOG_LEVEL=error git checkout master
DEBUG: ran git checkout master in 
DEBUG: LC_ALL=C JX_LOG_LEVEL=error git reset --hard ed0b7e5dbd65a2f8be8392b47b2167b5e2890e48
DEBUG: ran git reset --hard ed0b7e5dbd65a2f8be8392b47b2167b5e2890e48 in 
DEBUG: LC_ALL=C JX_LOG_LEVEL=error git clean -fd .
DEBUG: ran clean --force -d . in 
DEBUG: LC_ALL=C JX_LOG_LEVEL=error git merge c97a750d8c4cfe61c963ea5abca92a13a6a55234
DEBUG: ran git merge c97a750d8c4cfe61c963ea5abca92a13a6a55234 in 
DEBUG: LC_ALL=C JX_LOG_LEVEL=error git log --format=%H%x1f%an%x1f%ae%x1f%cn%x1f%ce%x1f%s%n%b%x1e ed0b7e5dbd65a2f8be8392b47b2167b5e2890e48..HEAD
Merged SHA c97a750d8c4cfe61c963ea5abca92a13a6a55234 with commit message 'chore: Promote bdd-spring-1594003156 to version 0.0.1' into base branch master

Showing logs for build [32mcb-kubecd-environment-pr-249-28-qgn4m-1[0m stage [32mfrom-build-pack[0m and container [32mstep-build-helm-build[0m
WARNING: No $CHART_REPOSITORY defined so using the default value of: http://jenkins-x-chartmuseum:8080
Adding missing Helm repo: storage.googleapis.com https://storage.googleapis.com/chartmuseum.jenkins-x.io
WARNING: No secrets found on "helm/repos" due: reading the secret "helm/repos" from vault: no secret "helm/repos" not found in vault
Read credentials for https://storage.googleapis.com/chartmuseum.jenkins-x.io from vault helm/repos
Successfully added Helm repository storage.googleapis.com.
Adding missing Helm repo: jenkins-x-chartmuseum http://jenkins-x-chartmuseum:8080
WARNING: No secrets found on "helm/repos" due: reading the secret "helm/repos" from vault: no secret "helm/repos" not found in vault
Read credentials for http://jenkins-x-chartmuseum:8080 from vault helm/repos
Successfully added Helm repository jenkins-x-chartmuseum.
WARNING: No $CHART_REPOSITORY defined so using the default value of: http://jenkins-x-chartmuseum:8080
Adding missing Helm repo: chartmuseum.jenkins-x.io http://chartmuseum.jenkins-x.io
WARNING: No secrets found on "helm/repos" due: reading the secret "helm/repos" from vault: no secret "helm/repos" not found in vault
Read credentials for http://chartmuseum.jenkins-x.io from vault helm/repos
Successfully added Helm repository chartmuseum.jenkins-x.io.
